<?xml version="1.0" encoding="UTF-8"?>
<!-- Generated by org.testng.reporters.JUnitReportReporter -->
<testsuite hostname="DESKTOP-DSBT63E" failures="0" tests="1" name="com.cucumber.TestRunner.UserGeenrateBulkByUploadCSVFIleWithoutIssueYearRunner" time="46.711" errors="0" timestamp="28 Mar 2024 18:41:02 GMT">
  <testcase classname="com.cucumber.TestRunner.UserGeenrateBulkByUploadCSVFIleWithoutIssueYearRunner" name="feature" time="46.711"/>
</testsuite> <!-- com.cucumber.TestRunner.UserGeenrateBulkByUploadCSVFIleWithoutIssueYearRunner -->
