<?xml version="1.0" encoding="UTF-8"?>
<!-- Generated by org.testng.reporters.JUnitReportReporter -->
<testsuite hostname="DESKTOP-DSBT63E" failures="0" tests="1" name="com.cucumber.TestRunner.BulkGeneratedCertificatesRunner" time="21.547" errors="0" timestamp="14 Mar 2024 10:42:20 GMT">
  <testcase classname="com.cucumber.TestRunner.BulkGeneratedCertificatesRunner" name="feature" time="21.547"/>
</testsuite> <!-- com.cucumber.TestRunner.BulkGeneratedCertificatesRunner -->
