<?xml version="1.0" encoding="UTF-8"?>
<!-- Generated by org.testng.reporters.JUnitReportReporter -->
<testsuite hostname="DESKTOP-DSBT63E" failures="0" tests="1" name="com.cucumber.TestRunner.UserBulkByUploadingJPEGfileRunner" time="17.789" errors="0" timestamp="26 Mar 2024 16:31:36 GMT">
  <testcase classname="com.cucumber.TestRunner.UserBulkByUploadingJPEGfileRunner" name="feature" time="17.789"/>
</testsuite> <!-- com.cucumber.TestRunner.UserBulkByUploadingJPEGfileRunner -->
