<?xml version="1.0" encoding="UTF-8"?>
<!-- Generated by org.testng.reporters.JUnitReportReporter -->
<testsuite hostname="Sravanthi" failures="0" tests="1" name="com.cucumber.TestRunner.AdminRateContractListRunner" time="36.049" errors="0" timestamp="16 Apr 2024 05:58:25 GMT">
  <testcase classname="com.cucumber.TestRunner.AdminRateContractListRunner" name="feature" time="36.049"/>
</testsuite> <!-- com.cucumber.TestRunner.AdminRateContractListRunner -->
