<?xml version="1.0" encoding="UTF-8"?>
<!-- Generated by org.testng.reporters.JUnitReportReporter -->
<testsuite hostname="DESKTOP-DSBT63E" failures="0" tests="1" name="com.cucumber.TestRunner.UserBulkByUploadingDOCfileRunner" time="17.746" errors="0" timestamp="26 Mar 2024 16:31:36 GMT">
  <testcase classname="com.cucumber.TestRunner.UserBulkByUploadingDOCfileRunner" name="feature" time="17.746"/>
</testsuite> <!-- com.cucumber.TestRunner.UserBulkByUploadingDOCfileRunner -->
