<?xml version="1.0" encoding="UTF-8"?>
<!-- Generated by org.testng.reporters.JUnitReportReporter -->
<testsuite hostname="DESKTOP-DSBT63E" failures="0" tests="1" name="com.cucumber.TestRunner.UserBulkWithoutSelectingCertificatetypeRunner" time="16.992" errors="0" timestamp="26 Mar 2024 16:31:36 GMT">
  <testcase classname="com.cucumber.TestRunner.UserBulkWithoutSelectingCertificatetypeRunner" name="feature" time="16.992"/>
</testsuite> <!-- com.cucumber.TestRunner.UserBulkWithoutSelectingCertificatetypeRunner -->
