<?xml version="1.0" encoding="UTF-8"?>
<!-- Generated by org.testng.reporters.JUnitReportReporter -->
<testsuite hostname="DESKTOP-DSBT63E" failures="0" tests="1" name="com.cucumber.TestRunner.AdminWelcomeTextRunner" time="9.144" errors="0" timestamp="20 Mar 2024 12:53:18 GMT">
  <testcase classname="com.cucumber.TestRunner.AdminWelcomeTextRunner" name="feature" time="9.144"/>
</testsuite> <!-- com.cucumber.TestRunner.AdminWelcomeTextRunner -->
