<?xml version="1.0" encoding="UTF-8"?>
<!-- Generated by org.testng.reporters.JUnitReportReporter -->
<testsuite hostname="DESKTOP-DSBT63E" failures="0" tests="1"
	name="com.cucumber.TestRunner.InternalPrintingRunner" time="40.715"
	errors="0" timestamp="9 Feb 2024 10:56:12 GMT">
	<testcase classname="com.cucumber.TestRunner.InternalPrintingRunner"
		name="feature" time="40.715" />
</testsuite> <!--
com.cucumber.TestRunner.InternalPrintingRunner -->
