<?xml version="1.0" encoding="UTF-8"?>
<!-- Generated by org.testng.reporters.JUnitReportReporter -->
<testsuite hostname="DESKTOP-DSBT63E" failures="0" tests="1" name="com.cucumber.TestRunner.UserInternalPrintingByUploadingWithInvalidIssueYearandMonthRunner" time="42.461" errors="0" timestamp="28 Mar 2024 05:57:34 GMT">
  <testcase classname="com.cucumber.TestRunner.UserInternalPrintingByUploadingWithInvalidIssueYearandMonthRunner" name="feature" time="42.461"/>
</testsuite> <!-- com.cucumber.TestRunner.UserInternalPrintingByUploadingWithInvalidIssueYearandMonthRunner -->
