<?xml version="1.0" encoding="UTF-8"?>
<!-- Generated by org.testng.reporters.JUnitReportReporter -->
<testsuite hostname="DESKTOP-DSBT63E" failures="0" tests="1" name="com.cucumber.TestRunner.ApprovalSettingsRunner" time="31.366" errors="0" timestamp="26 Mar 2024 07:17:19 GMT">
  <testcase classname="com.cucumber.TestRunner.ApprovalSettingsRunner" name="feature" time="31.366"/>
</testsuite> <!-- com.cucumber.TestRunner.ApprovalSettingsRunner -->
